<?xml version="1.0" encoding="UTF-8"?>
<!-- Generated by org.testng.reporters.JUnitReportReporter -->
<testsuite hostname="Yogesh" failures="0" tests="2" name="TestNGtestCases.TestCase1" time="0.011" errors="0" timestamp="2025-07-26T22:42:03 IST" skipped="0">
  <testcase classname="TestNGtestCases.TestCase1" name="two" time="0.010"/>
  <testcase classname="TestNGtestCases.TestCase1" name="one" time="0.001"/>
</testsuite> <!-- TestNGtestCases.TestCase1 -->
